This is pdfTeX, Version 3.14159265-2.6-1.40.17 (TeX Live 2016/W32TeX) (preloaded format=pdflatex 2017.2.12)  30 APR 2017 09:05
entering extended mode
 restricted \write18 enabled.
 %&-line parsing enabled.
**./scifile.tex
(./scifile.tex
LaTeX2e <2017/01/01> patch level 1
Babel <3.9r> and hyphenation patterns for 83 language(s) loaded.
(c:/texlive/2016/texmf-dist/tex/latex/base/article.cls
Document Class: article 2014/09/29 v1.4h Standard LaTeX document class
(c:/texlive/2016/texmf-dist/tex/latex/base/size12.clo
File: size12.clo 2014/09/29 v1.4h Standard LaTeX file (size option)
)
\c@part=\count79
\c@section=\count80
\c@subsection=\count81
\c@subsubsection=\count82
\c@paragraph=\count83
\c@subparagraph=\count84
\c@figure=\count85
\c@table=\count86
\abovecaptionskip=\skip41
\belowcaptionskip=\skip42
\bibindent=\dimen102
) (./scicite.sty
LaTeX Info: Redefining \cite on input line 160.
LaTeX Info: Redefining \nocite on input line 227.
Package: scicite 2003/11/04  v 4.01
)
(c:/texlive/2016/texmf-dist/tex/latex/psnfss/times.sty
Package: times 2005/04/12 PSNFSS-v9.2a (SPQR) 
) (./scifile.aux)
\openout1 = `scifile.aux'.

LaTeX Font Info:    Checking defaults for OML/cmm/m/it on input line 70.
LaTeX Font Info:    ... okay on input line 70.
LaTeX Font Info:    Checking defaults for T1/cmr/m/n on input line 70.
LaTeX Font Info:    ... okay on input line 70.
LaTeX Font Info:    Checking defaults for OT1/cmr/m/n on input line 70.
LaTeX Font Info:    ... okay on input line 70.
LaTeX Font Info:    Checking defaults for OMS/cmsy/m/n on input line 70.
LaTeX Font Info:    ... okay on input line 70.
LaTeX Font Info:    Checking defaults for OMX/cmex/m/n on input line 70.
LaTeX Font Info:    ... okay on input line 70.
LaTeX Font Info:    Checking defaults for U/cmr/m/n on input line 70.
LaTeX Font Info:    ... okay on input line 70.
LaTeX Font Info:    Try loading font information for OT1+ptm on input line 70.

(c:/texlive/2016/texmf-dist/tex/latex/psnfss/ot1ptm.fd
File: ot1ptm.fd 2001/06/04 font definitions for OT1/ptm.
)
LaTeX Font Info:    External font `cmex10' loaded for size
(Font)              <14.4> on input line 78.
LaTeX Font Info:    External font `cmex10' loaded for size
(Font)              <7> on input line 78.
LaTeX Font Info:    External font `cmex10' loaded for size
(Font)              <12> on input line 78.
LaTeX Font Info:    External font `cmex10' loaded for size
(Font)              <8> on input line 78.
LaTeX Font Info:    External font `cmex10' loaded for size
(Font)              <6> on input line 78.
LaTeX Font Info:    Font shape `OT1/ptm/bx/n' in size <12> not available
(Font)              Font shape `OT1/ptm/b/n' tried instead on input line 84.
LaTeX Font Info:    Font shape `OT1/ptm/bx/n' in size <8> not available
(Font)              Font shape `OT1/ptm/b/n' tried instead on input line 86.
LaTeX Font Info:    Try loading font information for OT1+pcr on input line 87.

(c:/texlive/2016/texmf-dist/tex/latex/psnfss/ot1pcr.fd
File: ot1pcr.fd 2001/06/04 font definitions for OT1/pcr.
)
LaTeX Font Info:    Font shape `OT1/pcr/bx/n' in size <12> not available
(Font)              Font shape `OT1/pcr/b/n' tried instead on input line 87.
LaTeX Font Info:    Try loading font information for OMS+pcr on input line 89.

(c:/texlive/2016/texmf-dist/tex/latex/psnfss/omspcr.fd
File: omspcr.fd 
)

LaTeX Font Warning: Font shape `OMS/pcr/bx/n' undefined
(Font)              using `OMS/pcr/m/n' instead
(Font)              for symbol `textbraceleft' on input line 89.

LaTeX Font Info:    Font shape `OMS/pcr/m/n' in size <12> not available
(Font)              Font shape `OMS/cmsy/m/n' tried instead on input line 89.
LaTeX Font Info:    Font shape `OMS/pcr/bx/n' in size <12> not available
(Font)              Font shape `OMS/cmsy/m/n' tried instead on input line 89.
LaTeX Font Info:    Font shape `OT1/ptm/bx/n' in size <17.28> not available
(Font)              Font shape `OT1/ptm/b/n' tried instead on input line 105.
[1

{c:/texlive/2016/texmf-var/fonts/map/pdftex/updmap/pdftex.map}] [2]
LaTeX Font Info:    Font shape `OT1/ptm/bx/n' in size <10.95> not available
(Font)              Font shape `OT1/ptm/b/n' tried instead on input line 187.
 [3]
[4]
LaTeX Font Info:    Try loading font information for OMS+ptm on input line 275.

 (c:/texlive/2016/texmf-dist/tex/latex/psnfss/omsptm.fd
File: omsptm.fd 
)
LaTeX Font Info:    Font shape `OMS/ptm/m/n' in size <12> not available
(Font)              Font shape `OMS/cmsy/m/n' tried instead on input line 275.
 [5] (./scifile.bbl) [6] [7] [8

] (./scifile.aux)

LaTeX Font Warning: Some font shapes were not available, defaults substituted.

 ) 
Here is how much of TeX's memory you used:
 449 strings out of 493013
 5350 string characters out of 6136993
 56645 words of memory out of 5000000
 4031 multiletter control sequences out of 15000+600000
 26623 words of font info for 53 fonts, out of 8000000 for 9000
 1141 hyphenation exceptions out of 8191
 22i,8n,19p,163b,307s stack positions out of 5000i,500n,10000p,200000b,80000s
{c:/texlive/2016/texmf-dist/fonts/enc/dvips/base/8r.enc}<c:/texlive/2016/texm
f-dist/fonts/type1/public/amsfonts/cm/cmmi12.pfb><c:/texlive/2016/texmf-dist/fo
nts/type1/public/amsfonts/cm/cmmi8.pfb><c:/texlive/2016/texmf-dist/fonts/type1/
public/amsfonts/cm/cmr10.pfb><c:/texlive/2016/texmf-dist/fonts/type1/public/ams
fonts/cm/cmr8.pfb><c:/texlive/2016/texmf-dist/fonts/type1/public/amsfonts/cm/cm
sy10.pfb><c:/texlive/2016/texmf-dist/fonts/type1/public/amsfonts/cm/cmsy8.pfb><
c:/texlive/2016/texmf-dist/fonts/type1/urw/courier/ucrb8a.pfb><c:/texlive/2016/
texmf-dist/fonts/type1/urw/courier/ucrr8a.pfb><c:/texlive/2016/texmf-dist/fonts
/type1/urw/times/utmb8a.pfb><c:/texlive/2016/texmf-dist/fonts/type1/urw/times/u
tmr8a.pfb><c:/texlive/2016/texmf-dist/fonts/type1/urw/times/utmri8a.pfb>
Output written on scifile.pdf (8 pages, 128764 bytes).
PDF statistics:
 76 PDF objects out of 1000 (max. 8388607)
 54 compressed objects within 1 object stream
 0 named destinations out of 1000 (max. 500000)
 1 words of extra memory for PDF output out of 10000 (max. 10000000)

